<?xml version="1.0" encoding="UTF-8"?>
<testng-results ignored="0" total="1" passed="1" failed="0" skipped="0">
  <reporter-output>
  </reporter-output>
  <suite started-at="2024-02-01T17:19:22 IST" name="Default suite" finished-at="2024-02-01T17:20:13 IST" duration-ms="51070">
    <groups>
    </groups>
    <test started-at="2024-02-01T17:19:22 IST" name="Default test" finished-at="2024-02-01T17:20:13 IST" duration-ms="51070">
      <class name="Assertion.AssertTrue">
        <test-method signature="test()[pri:0, instance:Assertion.AssertTrue@3e92efc3]" started-at="2024-02-01T17:19:22 IST" name="test" finished-at="2024-02-01T17:20:13 IST" duration-ms="50973" status="PASS">
          <reporter-output>
          </reporter-output>
        </test-method> <!-- test -->
      </class> <!-- Assertion.AssertTrue -->
    </test> <!-- Default test -->
  </suite> <!-- Default suite -->
</testng-results>
